<?xml version="1.0" encoding="UTF-8"?>
<!-- Generated by org.testng.reporters.JUnitReportReporter -->
<testsuite hostname="DESKTOP-7PS0SKT" failures="0" tests="4" name="testNG_keyword.priority_KeyWord" time="0.017" errors="0" timestamp="2022-06-14T09:42:09 IST" skipped="0">
  <testcase classname="testNG_keyword.priority_KeyWord" name="methodB" time="0.001"/>
  <system-out>
    <![CDATA[ my method B  is running ]]>
  </system-out>
  <testcase classname="testNG_keyword.priority_KeyWord" name="methodA" time="0.013"/>
  <system-out>
    <![CDATA[ my method A  is running ]]>
  </system-out>
  <testcase classname="testNG_keyword.priority_KeyWord" name="methodC" time="0.002"/>
  <system-out>
    <![CDATA[ my method C  is running ]]>
  </system-out>
  <testcase classname="testNG_keyword.priority_KeyWord" name="methodD" time="0.001"/>
  <system-out>
    <![CDATA[ my method D  is running ]]>
  </system-out>
</testsuite> <!-- testNG_keyword.priority_KeyWord -->
