<?xml version="1.0" encoding="UTF-8"?>
<!-- Generated by org.testng.reporters.JUnitReportReporter -->
<testsuite hostname="DESKTOP-7PS0SKT" failures="0" tests="1" name="testNG_kitePomClasses.KiteTestClass" time="9.194" errors="0" timestamp="2022-06-20T13:43:37 IST" skipped="0">
  <testcase classname="testNG_kitePomClasses.KiteTestClass" name="ValidateUserid" time="9.194"/>
  <system-out>
    <![CDATA[Validating user ID 
Expected UserID and Actual UserID are matching TC is PASSED]]>
  </system-out>
</testsuite> <!-- testNG_kitePomClasses.KiteTestClass -->
