<?xml version="1.0" encoding="UTF-8"?>
<!-- Generated by org.testng.reporters.JUnitReportReporter -->
<testsuite hostname="DESKTOP-7PS0SKT" failures="0" tests="3" name="testNG_keyword.dependsOnMethods" time="0.927" errors="0" timestamp="2022-06-14T10:43:08 IST" skipped="0">
  <testcase classname="testNG_keyword.dependsOnMethods" name="LogIn" time="0.923"/>
  <system-out>
    <![CDATA[TC1 Is Running ]]>
  </system-out>
  <testcase classname="testNG_keyword.dependsOnMethods" name="VerifyPIN" time="0.002"/>
  <system-out>
    <![CDATA[TC2 Is Running ]]>
  </system-out>
  <testcase classname="testNG_keyword.dependsOnMethods" name="LogOut" time="0.002"/>
  <system-out>
    <![CDATA[TC3 Is Running ]]>
  </system-out>
</testsuite> <!-- testNG_keyword.dependsOnMethods -->
