<?xml version="1.0" encoding="UTF-8"?>
<!-- Generated by org.testng.reporters.JUnitReportReporter -->
<testsuite hostname="DESKTOP-7PS0SKT" failures="0" tests="3" name="xml_SUITE_Study.TestCLass1_Grouping" time="0.002" errors="0" timestamp="2022-06-15T11:01:46 IST" skipped="0">
  <testcase classname="xml_SUITE_Study.TestCLass1_Grouping" name="TestCase5" time="0.000"/>
  <system-out>
    <![CDATA[My sanity testCase 5 is running]]>
  </system-out>
  <testcase classname="xml_SUITE_Study.TestCLass1_Grouping" name="TestCase1" time="0.001"/>
  <system-out>
    <![CDATA[My sanity testCase 1 is Running ]]>
  </system-out>
  <testcase classname="xml_SUITE_Study.TestCLass1_Grouping" name="TestCase3" time="0.001"/>
  <system-out>
    <![CDATA[My sanity testCase 3 is running]]>
  </system-out>
</testsuite> <!-- xml_SUITE_Study.TestCLass1_Grouping -->
