<?xml version="1.0" encoding="UTF-8"?>
<!-- Generated by org.testng.reporters.JUnitReportReporter -->
<testsuite hostname="DESKTOP-7PS0SKT" failures="0" tests="1" name="verificationUsingTestNG_Assert_A3.SoftAssert" time="0.015" errors="0" timestamp="2022-06-27T20:17:41 IST" skipped="0">
  <testcase classname="verificationUsingTestNG_Assert_A3.SoftAssert" name="methode1" time="0.015"/>
  <system-out>
    <![CDATA[TC1 softAssert is running
running TC]]>
  </system-out>
</testsuite> <!-- verificationUsingTestNG_Assert_A3.SoftAssert -->
