<?xml version="1.0" encoding="UTF-8"?>
<!-- Generated by org.testng.reporters.JUnitReportReporter -->
<testsuite hostname="DESKTOP-7PS0SKT" failures="0" tests="3" name="testNG_Listener_ByXML.Pune" time="0.009" errors="0" timestamp="2022-06-24T13:24:37 IST" skipped="0">
  <testcase classname="testNG_Listener_ByXML.Pune" name="Hadpasar" time="0.007"/>
  <system-out>
    <![CDATA[my tc hadapsir is running]]>
  </system-out>
  <testcase classname="testNG_Listener_ByXML.Pune" name="shivaginagar" time="0.001"/>
  <system-out>
    <![CDATA[my TC SN is Running ]]>
  </system-out>
  <testcase classname="testNG_Listener_ByXML.Pune" name="swarget" time="0.001"/>
  <system-out>
    <![CDATA[My TC SG is Running ]]>
  </system-out>
</testsuite> <!-- testNG_Listener_ByXML.Pune -->
