<?xml version="1.0" encoding="UTF-8"?>
<!-- Generated by org.testng.reporters.JUnitReportReporter -->
<testsuite hostname="DESKTOP-7PS0SKT" failures="0" tests="1" name="testNG.Test_AnnotationStyudy" time="0.011" errors="0" timestamp="2022-06-13T14:11:12 IST" skipped="0">
  <testcase classname="testNG.Test_AnnotationStyudy" name="MyTestCase1" time="0.011"/>
  <system-out>
    <![CDATA[  My TestCase1 is Running TC]]>
  </system-out>
</testsuite> <!-- testNG.Test_AnnotationStyudy -->
