<?xml version="1.0" encoding="UTF-8"?>
<!-- Generated by org.testng.reporters.JUnitReportReporter -->
<testsuite hostname="DESKTOP-7PS0SKT" failures="0" tests="2" name="testNG_A1.testNG_Annotation" time="0.010" errors="0" timestamp="2022-06-27T19:39:24 IST" skipped="0">
  <testcase classname="testNG_A1.testNG_Annotation" name="ValidateUserId" time="0.001"/>
  <system-out>
    <![CDATA[UserId Validation done--> @Test used]]>
  </system-out>
  <testcase classname="testNG_A1.testNG_Annotation" name="ValidatePin" time="0.009"/>
  <system-out>
    <![CDATA[Pin Validation done-->@Test used]]>
  </system-out>
</testsuite> <!-- testNG_A1.testNG_Annotation -->
