<?xml version="1.0" encoding="UTF-8"?>
<!-- Generated by org.testng.reporters.JUnitReportReporter -->
<testsuite hostname="DESKTOP-7PS0SKT" failures="0" tests="1" name="testNG_A1.Test_AnnotationStyudy" time="0.010" errors="0" timestamp="2022-06-27T19:26:56 IST" skipped="0">
  <testcase classname="testNG_A1.Test_AnnotationStyudy" name="MyTestCase1" time="0.010"/>
  <system-out>
    <![CDATA[  My TestCase1 is Running TC]]>
  </system-out>
</testsuite> <!-- testNG_A1.Test_AnnotationStyudy -->
