<?xml version="1.0" encoding="UTF-8"?>
<!-- Generated by org.testng.reporters.JUnitReportReporter -->
<testsuite hostname="DESKTOP-7PS0SKT" failures="0" tests="5" name="xml_SUITE_Study.TestClass2" time="0.023" errors="0" timestamp="2022-06-14T13:41:52 IST" skipped="0">
  <testcase classname="xml_SUITE_Study.TestClass2" name="TestCase10" time="0.019"/>
  <system-out>
    <![CDATA[My testCase 10 is running]]>
  </system-out>
  <testcase classname="xml_SUITE_Study.TestClass2" name="TestCase8" time="0.001"/>
  <system-out>
    <![CDATA[My testCase 8 is running]]>
  </system-out>
  <testcase classname="xml_SUITE_Study.TestClass2" name="TestCase6" time="0.001"/>
  <system-out>
    <![CDATA[My testCase 6 is Running ]]>
  </system-out>
  <testcase classname="xml_SUITE_Study.TestClass2" name="TestCase9" time="0.001"/>
  <system-out>
    <![CDATA[My testCase 9 is running]]>
  </system-out>
  <testcase classname="xml_SUITE_Study.TestClass2" name="TestCase7" time="0.001"/>
  <system-out>
    <![CDATA[My testCase 7 is running]]>
  </system-out>
</testsuite> <!-- xml_SUITE_Study.TestClass2 -->
