<?xml version="1.0" encoding="UTF-8"?>
<!-- Generated by org.testng.reporters.JUnitReportReporter -->
<testsuite hostname="DESKTOP-7PS0SKT" failures="0" tests="3" name="xml_SUITE_Study.TestClass1" time="0.008" errors="0" timestamp="2022-06-14T13:54:29 IST" skipped="0">
  <testcase classname="xml_SUITE_Study.TestClass1" name="TestCase1" time="0.007"/>
  <system-out>
    <![CDATA[My testCase 1 is Running ]]>
  </system-out>
  <testcase classname="xml_SUITE_Study.TestClass1" name="TestCase3" time="0.000"/>
  <system-out>
    <![CDATA[My testCase 3 is running]]>
  </system-out>
  <testcase classname="xml_SUITE_Study.TestClass1" name="TestCase5" time="0.001"/>
  <system-out>
    <![CDATA[My testCase 5 is running]]>
  </system-out>
</testsuite> <!-- xml_SUITE_Study.TestClass1 -->
