<?xml version="1.0" encoding="UTF-8"?>
<!-- Generated by org.testng.reporters.JUnitReportReporter -->
<testsuite hostname="DESKTOP-7PS0SKT" failures="0" tests="2" name="xml_SUITE_Study.TestClass_Include" time="0.013" errors="0" timestamp="2022-06-15T10:16:25 IST" skipped="0">
  <testcase classname="xml_SUITE_Study.TestClass_Include" name="TestCase5" time="0.002"/>
  <system-out>
    <![CDATA[My testCase 5 is running]]>
  </system-out>
  <testcase classname="xml_SUITE_Study.TestClass_Include" name="TestCase1" time="0.011"/>
  <system-out>
    <![CDATA[My testCase 1 is Running ]]>
  </system-out>
</testsuite> <!-- xml_SUITE_Study.TestClass_Include -->
