<?xml version="1.0" encoding="UTF-8"?>
<!-- Generated by org.testng.reporters.JUnitReportReporter -->
<testsuite hostname="DESKTOP-7PS0SKT" failures="0" tests="5" name="xml_SUITE_Study.TestClass2_Grouping" time="0.010" errors="0" timestamp="2022-06-15T11:01:46 IST" skipped="0">
  <testcase classname="xml_SUITE_Study.TestClass2_Grouping" name="TestCase8" time="0.000"/>
  <system-out>
    <![CDATA[My sanity testCase 8 is running]]>
  </system-out>
  <testcase classname="xml_SUITE_Study.TestClass2_Grouping" name="TestCase6" time="0.001"/>
  <system-out>
    <![CDATA[My sanity testCase 6 is Running ]]>
  </system-out>
  <testcase classname="xml_SUITE_Study.TestClass2_Grouping" name="TestCase9" time="0.001"/>
  <system-out>
    <![CDATA[My sanity testCase 9 is running]]>
  </system-out>
  <testcase classname="xml_SUITE_Study.TestClass2_Grouping" name="TestCase7" time="0.001"/>
  <system-out>
    <![CDATA[My  sanity testCase 7 is running]]>
  </system-out>
  <testcase classname="xml_SUITE_Study.TestClass2_Grouping" name="TestCase10" time="0.007"/>
  <system-out>
    <![CDATA[My sanity testCase 10 is running]]>
  </system-out>
</testsuite> <!-- xml_SUITE_Study.TestClass2_Grouping -->
