<?xml version="1.0" encoding="UTF-8"?>
<!-- Generated by org.testng.reporters.JUnitReportReporter -->
<testsuite hostname="DESKTOP-7PS0SKT" failures="0" tests="6" name="testNG_keyword_A2.InvocationCount_1" time="0.021" errors="0" timestamp="2022-06-27T19:43:34 IST" skipped="0">
  <testcase classname="testNG_keyword_A2.InvocationCount_1" name="testCase1" time="0.001"/>
  <system-out>
    <![CDATA[My TC1 is Running ]]>
  </system-out>
  <testcase classname="testNG_keyword_A2.InvocationCount_1" name="testCase2" time="0.001"/>
  <system-out>
    <![CDATA[My Tc2is Running ]]>
  </system-out>
  <testcase classname="testNG_keyword_A2.InvocationCount_1" name="testCase1" time="0.003"/>
  <system-out>
    <![CDATA[My TC1 is Running ]]>
  </system-out>
  <testcase classname="testNG_keyword_A2.InvocationCount_1" name="testCase1" time="0.002"/>
  <system-out>
    <![CDATA[My TC1 is Running ]]>
  </system-out>
  <testcase classname="testNG_keyword_A2.InvocationCount_1" name="testCase1" time="0.013"/>
  <system-out>
    <![CDATA[My TC1 is Running ]]>
  </system-out>
  <testcase classname="testNG_keyword_A2.InvocationCount_1" name="testCase1" time="0.001"/>
  <system-out>
    <![CDATA[My TC1 is Running ]]>
  </system-out>
</testsuite> <!-- testNG_keyword_A2.InvocationCount_1 -->
