<?xml version="1.0" encoding="UTF-8"?>
<!-- Generated by org.testng.reporters.JUnitReportReporter -->
<testsuite hostname="DESKTOP-7PS0SKT" failures="0" tests="1" name="suitLevelListener_A8.KiteUNTestUsingProperty" time="7.402" errors="0" timestamp="2022-06-25T18:19:17 IST" skipped="0">
  <testcase classname="suitLevelListener_A8.KiteUNTestUsingProperty" name="validateUN" time="7.402"/>
  <system-out>
    <![CDATA[actualUN and expectedUN is  matching TC is Pass]]>
  </system-out>
</testsuite> <!-- suitLevelListener_A8.KiteUNTestUsingProperty -->
