<?xml version="1.0" encoding="UTF-8"?>
<!-- Generated by org.testng.reporters.JUnitReportReporter -->
<testsuite hostname="DESKTOP-7PS0SKT" failures="0" tests="3" name="testNG_A1.TestClass_1" time="21.004" errors="0" timestamp="2022-06-27T19:41:25 IST" skipped="0">
  <testcase classname="testNG_A1.TestClass_1" name="mymethod2" time="9.578"/>
  <system-out>
    <![CDATA[MyMethod2 is running]]>
  </system-out>
  <testcase classname="testNG_A1.TestClass_1" name="mymethod" time="6.894"/>
  <system-out/>
  <testcase classname="testNG_A1.TestClass_1" name="mymethod3" time="4.532"/>
  <system-out>
    <![CDATA[Mymethode3 is running]]>
  </system-out>
</testsuite> <!-- testNG_A1.TestClass_1 -->
