<?xml version="1.0" encoding="UTF-8"?>
<!-- Generated by org.testng.reporters.JUnitReportReporter -->
<testsuite hostname="DESKTOP-7PS0SKT" failures="0" tests="3" name="testNG_keyword.enabled_Keyword" time="0.014" errors="0" timestamp="2022-06-14T09:56:33 IST" skipped="1">
  <testcase classname="testNG_keyword.enabled_Keyword" name="methodC" time="0.013"/>
  <system-out>
    <![CDATA[My Method 3 is running]]>
  </system-out>
  <testcase classname="testNG_keyword.enabled_Keyword" name="methodeA" time="0.001"/>
  <system-out>
    <![CDATA[My Method 1 is running]]>
  </system-out>
  <testcase classname="testNG_keyword.enabled_Keyword" name="methodB">
    <skipped/>
  </testcase> <!-- methodB -->
  <system-out/>
</testsuite> <!-- testNG_keyword.enabled_Keyword -->
