<?xml version="1.0" encoding="UTF-8"?>
<!-- Generated by org.testng.reporters.JUnitReportReporter -->
<testsuite hostname="DESKTOP-7PS0SKT" failures="0" tests="1" name="xml_Parallel_Execution.MyClass2" time="11.183" errors="0" timestamp="2022-06-15T12:09:25 IST" skipped="0">
  <testcase classname="xml_Parallel_Execution.MyClass2" name="mymethod1" time="11.183"/>
  <system-out>
    <![CDATA[myMethod1 is running]]>
  </system-out>
</testsuite> <!-- xml_Parallel_Execution.MyClass2 -->
