<?xml version="1.0" encoding="UTF-8"?>
<!-- Generated by org.testng.reporters.JUnitReportReporter -->
<testsuite hostname="DESKTOP-7PS0SKT" failures="0" tests="5" name="xml_SUIT_STUDY" time="0.012" errors="0" timestamp="2022-06-14T13:30:43 IST" skipped="0">
  <testcase classname="xml_SUIT_STUDY" name="TestClass5" time="0.001"/>
  <system-out>
    <![CDATA[My testClass 5 is running]]>
  </system-out>
  <testcase classname="xml_SUIT_STUDY" name="TestClass4" time="0.001"/>
  <system-out>
    <![CDATA[My testClass 4 is running]]>
  </system-out>
  <testcase classname="xml_SUIT_STUDY" name="TestClass3" time="0.001"/>
  <system-out>
    <![CDATA[My testClass 3 is running]]>
  </system-out>
  <testcase classname="xml_SUIT_STUDY" name="TestClass1" time="0.008"/>
  <system-out>
    <![CDATA[My testClass 1 is Running ]]>
  </system-out>
  <testcase classname="xml_SUIT_STUDY" name="TestClass2" time="0.001"/>
  <system-out>
    <![CDATA[My testClass 2 is running]]>
  </system-out>
</testsuite> <!-- xml_SUIT_STUDY -->
