<?xml version="1.0" encoding="UTF-8"?>
<!-- Generated by org.testng.reporters.JUnitReportReporter -->
<testsuite hostname="DESKTOP-7PS0SKT" failures="0" tests="2" name="testNG_KiteCT.Cross_Browser_Testing" time="18.428" errors="0" timestamp="2022-06-20T14:05:52 IST" skipped="0">
  <testcase classname="testNG_KiteCT.Cross_Browser_Testing" name="ValidateUserid" time="8.897"/>
  <system-out>
    <![CDATA[Validating user ID 
Expected UserID and Actual UserID are matching TC is PASSED]]>
  </system-out>
  <testcase classname="testNG_KiteCT.Cross_Browser_Testing" name="ValidateUserid" time="9.531"/>
  <system-out>
    <![CDATA[Validating user ID 
Expected UserID and Actual UserID are matching TC is PASSED]]>
  </system-out>
</testsuite> <!-- testNG_KiteCT.Cross_Browser_Testing -->
