<?xml version="1.0" encoding="UTF-8"?>
<!-- Generated by org.testng.reporters.JUnitReportReporter -->
<testsuite hostname="DESKTOP-7PS0SKT" failures="0" tests="1" name="kiteAppTestClass_UsingPropertyFile.KiteUNTestUsingProperty" time="8.601" errors="0" timestamp="2022-06-24T15:26:29 IST" skipped="0">
  <testcase classname="kiteAppTestClass_UsingPropertyFile.KiteUNTestUsingProperty" name="validateUN" time="8.601"/>
  <system-out>
    <![CDATA[actualUN and expectedUN is  matching TC is Pass]]>
  </system-out>
</testsuite> <!-- kiteAppTestClass_UsingPropertyFile.KiteUNTestUsingProperty -->
