<?xml version="1.0" encoding="UTF-8"?>
<!-- Generated by org.testng.reporters.JUnitReportReporter -->
<testsuite hostname="DESKTOP-7PS0SKT" failures="0" tests="2" name="verificationUsingTestNG_Assert.AssertNull_NOTNull" time="0.019" errors="0" timestamp="2022-06-18T09:35:43 IST" skipped="0">
  <testcase classname="verificationUsingTestNG_Assert.AssertNull_NOTNull" name="mymethod" time="0.017"/>
  <system-out>
    <![CDATA[Null value TC is Pass]]>
  </system-out>
  <testcase classname="verificationUsingTestNG_Assert.AssertNull_NOTNull" name="mymethod1" time="0.002"/>
  <system-out>
    <![CDATA[NOt Null value TC is Pass]]>
  </system-out>
</testsuite> <!-- verificationUsingTestNG_Assert.AssertNull_NOTNull -->
