<?xml version="1.0" encoding="UTF-8"?>
<!-- Generated by org.testng.reporters.JUnitReportReporter -->
<testsuite hostname="DESKTOP-7PS0SKT" failures="0" tests="2" name="testNG_Listener_ByXML.Mumbai" time="0.008" errors="0" timestamp="2022-06-24T13:22:16 IST" skipped="0">
  <testcase classname="testNG_Listener_ByXML.Mumbai" name="goregoan" time="0.006"/>
  <system-out>
    <![CDATA[my TC GG is running
TC is pass]]>
  </system-out>
  <testcase classname="testNG_Listener_ByXML.Mumbai" name="varali" time="0.002"/>
  <system-out>
    <![CDATA[My tc varali is running
TC is pass]]>
  </system-out>
</testsuite> <!-- testNG_Listener_ByXML.Mumbai -->
