<?xml version="1.0" encoding="UTF-8"?>
<!-- Generated by org.testng.reporters.JUnitReportReporter -->
<testsuite hostname="DESKTOP-7PS0SKT" failures="0" tests="3" name="xml_SUITE_Study.TestClass_Exclude" time="0.006" errors="0" timestamp="2022-06-15T10:16:25 IST" skipped="0">
  <testcase classname="xml_SUITE_Study.TestClass_Exclude" name="TestCase8" time="0.002"/>
  <system-out>
    <![CDATA[My testCase 8 is running]]>
  </system-out>
  <testcase classname="xml_SUITE_Study.TestClass_Exclude" name="TestCase10" time="0.002"/>
  <system-out>
    <![CDATA[My testCase 10 is running]]>
  </system-out>
  <testcase classname="xml_SUITE_Study.TestClass_Exclude" name="TestCase6" time="0.002"/>
  <system-out>
    <![CDATA[My testCase 6 is Running ]]>
  </system-out>
</testsuite> <!-- xml_SUITE_Study.TestClass_Exclude -->
